<?xml version="1.0" encoding="UTF-8"?>
<!-- Generated by org.testng.reporters.JUnitXMLReporter -->
<testsuite ignored="0" hostname="MyPC-PC" failures="2" tests="11" name="Test" time="44.704" errors="0" timestamp="22 Oct 2021 12:53:49 GMT">
  <testcase classname="com.Test.BookingPageTest" name="Check_PlaceHolder_DepartureCity" time="0.616"/>
  <testcase classname="com.Test.BookingPageTest" name="Check_PlaceHolder_ArrivalCity" time="0.907"/>
  <testcase classname="com.Test.BookingPageTest" name="Check_OneWay_Label" time="0.305"/>
  <testcase classname="com.Test.BookingPageTest" name="Check_RoundTrip_Label" time="0.306"/>
  <testcase classname="com.Test.BookingPageTest" name="Check_Multicity_Label" time="0.313"/>
  <testcase classname="com.Test.BookingPageTest" name="Check_FamilyAndFriendsDiscount_Label" time="0.141"/>
  <testcase classname="com.Test.BookingPageTest" name="Check_Defense_Label" time="0.188"/>
  <testcase classname="com.Test.BookingPageTest" name="Check_Destination_Selection" time="1.275"/>
  <testcase classname="com.Test.BookingPageTest" name="Check_Arrival_Selection" time="0.548"/>
  <testcase classname="com.Test.BookingPageTest" name="Check_Departure_Date_Selection" time="2.667">
    <failure type="java.lang.ClassCastException" message="class jdk.proxy2.$Proxy11 cannot be cast to class org.openqa.selenium.WebElement (jdk.proxy2.$Proxy11 is in module jdk.proxy2 of loader &amp;apos;app&amp;apos;; org.openqa.selenium.WebElement is in unnamed module of loader &amp;apos;app&amp;apos;)">
      <![CDATA[java.lang.ClassCastException: class jdk.proxy2.$Proxy11 cannot be cast to class org.openqa.selenium.WebElement (jdk.proxy2.$Proxy11 is in module jdk.proxy2 of loader 'app'; org.openqa.selenium.WebElement is in unnamed module of loader 'app')
	at com.pages.BookingPage.dateinner(BookingPage.java:127)
	at com.Test.BookingPageTest.Check_Departure_Date_Selection(BookingPageTest.java:136)
	at java.base/java.util.concurrent.FutureTask.run(FutureTask.java:264)
	at java.base/java.util.concurrent.ThreadPoolExecutor.runWorker(ThreadPoolExecutor.java:1130)
	at java.base/java.util.concurrent.ThreadPoolExecutor$Worker.run(ThreadPoolExecutor.java:630)
	at java.base/java.lang.Thread.run(Thread.java:831)
... Removed 16 stack frames]]>
    </failure>
  </testcase> <!-- Check_Departure_Date_Selection -->
  <testcase classname="com.Test.BookingPageTest" name="Check_Submit_Button_Clickble" time="15.941">
    <failure type="java.lang.NullPointerException" message="Cannot invoke &amp;quot;Object.getClass()&amp;quot; because &amp;quot;obj&amp;quot; is null">
      <![CDATA[java.lang.NullPointerException: Cannot invoke "Object.getClass()" because "obj" is null
	at org.openqa.selenium.support.pagefactory.internal.LocatingElementHandler.invoke(LocatingElementHandler.java:51)
	at jdk.proxy2/jdk.proxy2.$Proxy10.isEnabled(Unknown Source)
	at com.Test.BookingPageTest.Check_Submit_Button_Clickble(BookingPageTest.java:145)
	at java.base/java.util.concurrent.FutureTask.run(FutureTask.java:264)
	at java.base/java.util.concurrent.ThreadPoolExecutor.runWorker(ThreadPoolExecutor.java:1130)
	at java.base/java.util.concurrent.ThreadPoolExecutor$Worker.run(ThreadPoolExecutor.java:630)
	at java.base/java.lang.Thread.run(Thread.java:831)
... Removed 17 stack frames]]>
    </failure>
  </testcase> <!-- Check_Submit_Button_Clickble -->
</testsuite> <!-- Test -->
